<?xml version="1.0" encoding="UTF-8"?>
<!-- Generated by org.testng.reporters.JUnitXMLReporter -->
<testsuite hostname="Neeraj" name="Default test(failed)" tests="1" failures="1" timestamp="30 Apr 2017 09:43:10 GMT" time="79.081" errors="0">
  <testcase name="testGooglePageTitleInIEBrowser" time="8.169" classname="com.selenium.grid.GridExampleTest1">
    <failure type="java.lang.AssertionError" message="Page title doesn&amp;apos;t match expected [true] but found [false]">
      <![CDATA[java.lang.AssertionError: Page title doesn't match expected [true] but found [false]
	at com.selenium.grid.GridExampleTest1.testGooglePageTitleInIEBrowser(GridExampleTest1.java:29)
... Removed 27 stack frames]]>
    </failure>
  </testcase> <!-- testGooglePageTitleInIEBrowser -->
</testsuite> <!-- Default test(failed) -->
